<?xml version="1.0" encoding="UTF-8"?>
<testsuite name="Flight Booking"
           tests="2"
           failures="1"
           errors="0"
           skipped="0"
           time="115.319">
  <properties />
            <testcase name="roundtripbookingtestFail" time="46.754" classname="com.gojek.GojekTest.RoundTripFlightBookingTest">
                <failure type="java.lang.AssertionError"
                  message="expected [null] but found [[[ChromeDriver: chrome on XP (51658b334ef486d64c8abb63cba30ac7)] -&gt; id: paymentSubmit]]"
              >
<![CDATA[java.lang.AssertionError: expected [null] but found [[[ChromeDriver: chrome on XP (51658b334ef486d64c8abb63cba30ac7)] -> id: paymentSubmit]]
  org.testng.Assert.fail(Assert.java:94)
  org.testng.Assert.failNotSame(Assert.java:509)
  org.testng.Assert.assertNull(Assert.java:445)
  org.testng.Assert.assertNull(Assert.java:434)
  com.gojek.GojekTest.RoundTripFlightBookingTest.roundtripbookingtestFail(RoundTripFlightBookingTest.java:28)
  sun.reflect.NativeMethodAccessorImpl.invoke0(Native Method)
  sun.reflect.NativeMethodAccessorImpl.invoke(NativeMethodAccessorImpl.java:57)
  sun.reflect.DelegatingMethodAccessorImpl.invoke(DelegatingMethodAccessorImpl.java:43)
  java.lang.reflect.Method.invoke(Method.java:606)
  org.testng.internal.MethodInvocationHelper.invokeMethod(MethodInvocationHelper.java:86)
  org.testng.internal.Invoker.invokeMethod(Invoker.java:643)
  org.testng.internal.Invoker.invokeTestMethod(Invoker.java:820)
  org.testng.internal.Invoker.invokeTestMethods(Invoker.java:1128)
  org.testng.internal.TestMethodWorker.invokeTestMethods(TestMethodWorker.java:129)
  org.testng.internal.TestMethodWorker.run(TestMethodWorker.java:112)
  org.testng.TestRunner.privateRun(TestRunner.java:782)
  org.testng.TestRunner.run(TestRunner.java:632)
  org.testng.SuiteRunner.runTest(SuiteRunner.java:366)
  org.testng.SuiteRunner.runSequentially(SuiteRunner.java:361)
  org.testng.SuiteRunner.privateRun(SuiteRunner.java:319)
  org.testng.SuiteRunner.run(SuiteRunner.java:268)
  org.testng.SuiteRunnerWorker.runSuite(SuiteRunnerWorker.java:52)
  org.testng.SuiteRunnerWorker.run(SuiteRunnerWorker.java:86)
  org.testng.TestNG.runSuitesSequentially(TestNG.java:1244)
  org.testng.TestNG.runSuitesLocally(TestNG.java:1169)
  org.testng.TestNG.run(TestNG.java:1064)
  org.testng.remote.AbstractRemoteTestNG.run(AbstractRemoteTestNG.java:126)
  org.testng.remote.RemoteTestNG.initAndRun(RemoteTestNG.java:152)
  org.testng.remote.RemoteTestNG.main(RemoteTestNG.java:57)
]]>
      </failure>

          </testcase>
  
  
            <testcase name="roundtripbookingtestPass" time="68.565" classname="com.gojek.GojekTest.RoundTripFlightBookingTest" />
      
</testsuite>
